[40668:50008:0624/102418.312:INFO:components\enterprise\browser\controller\chrome_browser_cloud_management_controller.cc:202] No machine level policy manager exists.
[40668:50008:0624/102420.058:INFO:CONSOLE:1] "Ocorreu algum problema ao buscar as notificações, atualize a página e tente novamente 😕 [object Object]", source: https://lead.brokers.mktlab.app/_next/static/chunks/528-5c2fcb6d3c6c6f61.js (1)
[40668:50008:0624/102420.058:INFO:CONSOLE:1] "Dados de notificações inválidos: false", source: https://lead.brokers.mktlab.app/_next/static/chunks/528-5c2fcb6d3c6c6f61.js (1)
[40668:50008:0624/102420.951:INFO:CONSOLE:0] "Error while trying to use the following icon from the Manifest: https://lead.brokers.mktlab.app/icons/icon-192x192.png (Download error or resource isn't a valid image)", source: https://lead.brokers.mktlab.app/ (0)
[40668:50008:0624/102423.727:INFO:CONSOLE:0] "[DOM] Input elements should have autocomplete attributes (suggested: "current-password"): (More info: https://goo.gl/9p2vKq) %o", source: https://accounts.google.com/v3/signin/identifier?opparams=%253Fgis_params%253DCh9odHRwczovL2xlYWQuYnJva2Vycy5ta3RsYWIuYXBwEh9odHRwczovL2xlYWQuYnJva2Vycy5ta3RsYWIuYXBwGAcqK2haMTZkTHpLSk9xUFhvVllINGV1dXl3RXRxeUZsMGlkaUxQMFhuMUQ2MzAySDU4NzE4NDc1ODcxOS1lZWQwbW51YnRoMXQ4aW0xdDk3ZjlkODhyb2xuczg3Mi5hcHBzLmdvb2dsZXVzZXJjb250ZW50LmNvbTgBQkA3N2M2ZmU2NTg2OGQwZWY5NzQyYWIwMDNkYjM2NzhhZjA1YzAyMGE3NjRhZjI5MTBmOWUwYzE5ZThmYWMzNWYx%2526response_mode%253Dform_post&dsh=hZ16dLzKJOqPXoVYH4euuywEtqyFl0idiLP0Xn1D630&as=hZ16dLzKJOqPXoVYH4euuywEtqyFl0idiLP0Xn1D630&client_id=587184758719-eed0mnubth1t8im1t97f9d88rolns872.apps.googleusercontent.com&display=popup&gsiwebsdk=gis_attributes&o2v=1&origin=https%3A%2F%2Flead.brokers.mktlab.app&prompt=select_account&redirect_uri=https%3A%2F%2Flead.brokers.mktlab.app&response_type=id_token&scope=openid+email+profile&service=lso&flowName=GeneralOAuthFlow&continue=https%3A%2F%2Faccounts.google.com%2Fsignin%2Foauth%2Fconsent%3Fauthuser%3Dunknown%26part%3DAJi8hAONBhBuAmQWEx-7stdNfSeEtb7E2yZKliDP49y5zRFYb0on8vSfaspmfFEj3N0a9nbh224Hs31IqwM-JT3vszkJghoxdU8SQsgIrbdXA7cnDHjidR_OgROlRG2QLVt9NoDWGX3OOn-JfbJ95y-Q8U4ErnvwDHp8mJT0WT7lCGiVk8i67v9gV5gAn0GVa0753s7h31zgxQIuGuXL7lhiwOxJIQMR7WTLO28vQ3zViogsfBsCqf4rW5oXTcBMjYamd267I9PD3igcWEoCyiJ3xY1F8KBNACENYq6BeXqOae1Ul9NUAFD-B9nEcwNGpY1b-DkeUrKQKBWdF090s9XwmEVF8NIP9wY45s2_CtkEPB18wXNn75wroSTAZiweG_4w9E1Smvt4XmOEQu9Qmusq4ipiQO_C9c6dPcjXxu8-d6DxvgXntRbSl2uo--V7Px8T08a7b5mMVIyFqN3rYbvQmURCqgD6FFwRKiK9nYODX4GMrJH8_oXdjMPB0DLmDJTXXUIOgx8g%26flowName%3DGeneralOAuthFlow%26as%3DhZ16dLzKJOqPXoVYH4euuywEtqyFl0idiLP0Xn1D630%26client_id%3D587184758719-eed0mnubth1t8im1t97f9d88rolns872.apps.googleusercontent.com%23&app_domain=https%3A%2F%2Flead.brokers.mktlab.app&rart=ANgoxceZjRW4R4Z4trUDFqspQFdoKvNILqomM6LOXulUdWXmWW2oknQ5C7cH9ZcQhhnYL_d3-303IG21Lu2ZNPZDPF879QDKeFADri_Wgtkgr_QzcHpKH2I (0)
[40668:50008:0624/102423.734:INFO:CONSOLE:435] "%c%s color: red; background: yellow; font-size: 24px; AVISO", source: https://www.gstatic.com/_/mss/boq-identity/_/js/k=boq-identity.AccountsSignInUi.pt_BR.I8sj1t2HRRM.es5.O/am=MQwAmCkfmTQEAuL__ymzoM4CJCBkAAAAAAAAAADAFgAAgHUMAAE/d=1/excm=_b,_tp,identifierview/ed=1/dg=0/wt=2/ujg=1/rs=AOaEmlEfYfUk0sfTQjj7LzB_h5MG75_58Q/m=_b,_tp (435)
[40668:50008:0624/102423.734:INFO:CONSOLE:435] "%c%s font-size: 18px; O uso deste console pode permitir que invasores falsifiquem sua identidade para roubar informações por meio de um ataque chamado Self-XSS.
Não insira nem cole códigos que você não conheça.", source: https://www.gstatic.com/_/mss/boq-identity/_/js/k=boq-identity.AccountsSignInUi.pt_BR.I8sj1t2HRRM.es5.O/am=MQwAmCkfmTQEAuL__ymzoM4CJCBkAAAAAAAAAADAFgAAgHUMAAE/d=1/excm=_b,_tp,identifierview/ed=1/dg=0/wt=2/ujg=1/rs=AOaEmlEfYfUk0sfTQjj7LzB_h5MG75_58Q/m=_b,_tp (435)
[40668:50008:0624/102424.870:WARNING:chrome\browser\media\prefs\capture_device_ranking.h:255] Can't initialize the value of media.audio_input.user_preference_ranking because media.default_audio_capture_device isn't registered or is empty
[40668:50008:0624/102424.870:WARNING:chrome\browser\media\prefs\capture_device_ranking.h:255] Can't initialize the value of media.video_input.user_preference_ranking because media.default_video_capture_Device isn't registered or is empty
[40668:50008:0624/102424.870:WARNING:chrome\browser\media\prefs\capture_device_ranking.h:255] Can't initialize the value of media.audio_input.user_preference_ranking because media.default_audio_capture_device isn't registered or is empty
[40668:50008:0624/102424.870:WARNING:chrome\browser\media\prefs\capture_device_ranking.h:255] Can't initialize the value of media.video_input.user_preference_ranking because media.default_video_capture_Device isn't registered or is empty
[40668:50008:0624/102427.711:WARNING:chrome\browser\media\prefs\capture_device_ranking.h:255] Can't initialize the value of media.audio_input.user_preference_ranking because media.default_audio_capture_device isn't registered or is empty
[40668:50008:0624/102427.711:WARNING:chrome\browser\media\prefs\capture_device_ranking.h:255] Can't initialize the value of media.video_input.user_preference_ranking because media.default_video_capture_Device isn't registered or is empty
[40668:50008:0624/102430.397:WARNING:components\download\internal\background_service\controller_impl.cc:1187] Background download complete, client: 6, completion type: 0, file size:265059
[40668:50008:0624/102430.421:WARNING:components\download\internal\background_service\controller_impl.cc:1187] Background download complete, client: 6, completion type: 0, file size:5155
[40668:50008:0624/102432.671:WARNING:components\download\internal\background_service\controller_impl.cc:1187] Background download complete, client: 6, completion type: 0, file size:883094
[40668:50008:0624/102433.031:WARNING:components\download\internal\background_service\controller_impl.cc:1187] Background download complete, client: 6, completion type: 0, file size:2200227
[40668:50008:0624/102434.006:WARNING:components\download\internal\background_service\controller_impl.cc:1187] Background download complete, client: 6, completion type: 0, file size:45175
[40668:50008:0624/102435.355:WARNING:components\download\internal\background_service\controller_impl.cc:1187] Background download complete, client: 6, completion type: 0, file size:4680
[40668:50008:0624/102435.654:WARNING:components\download\internal\background_service\controller_impl.cc:1187] Background download complete, client: 6, completion type: 0, file size:2747168
[40668:50008:0624/102436.863:WARNING:components\download\internal\background_service\controller_impl.cc:1187] Background download complete, client: 6, completion type: 0, file size:118577
[40668:50008:0624/102445.297:INFO:CONSOLE:238] "Cross-Origin-Opener-Policy policy would block the window.postMessage call.", source: https://ssl.gstatic.com/_/gsi/_/js/k=gsi.gsi.pt_BR.G7HWQki9VYM.O/am=AAAImUtz/d=1/rs=AF0KOtXDDIxwk8UKEAMFZwcMXcKoJop2VA/m=transform_layer_library (238)
[40668:50008:0624/102445.298:INFO:CONSOLE:238] "Cross-Origin-Opener-Policy policy would block the window.postMessage call.", source: https://ssl.gstatic.com/_/gsi/_/js/k=gsi.gsi.pt_BR.G7HWQki9VYM.O/am=AAAImUtz/d=1/rs=AF0KOtXDDIxwk8UKEAMFZwcMXcKoJop2VA/m=transform_layer_library (238)
[40668:50008:0624/102445.303:INFO:CONSOLE:342] "Cross-Origin-Opener-Policy policy would block the window.postMessage call.", source: https://accounts.google.com/gsi/client (342)
[40668:50008:0624/102445.303:INFO:CONSOLE:342] "Cross-Origin-Opener-Policy policy would block the window.postMessage call.", source: https://accounts.google.com/gsi/client (342)
[40668:50008:0624/102446.277:INFO:CONSOLE:1] "An error occurred while retrieving token: ReferenceError: Notification is not defined", source: https://lead.brokers.mktlab.app/_next/static/chunks/865-64fe10c61b39bb2a.js (1)
[40668:50008:0624/102446.296:INFO:CONSOLE:1] "Uncaught (in promise) FirebaseError: Messaging: This browser doesn't support the API's required to use the Firebase SDK. (messaging/unsupported-browser).", source: https://lead.brokers.mktlab.app/_next/static/chunks/55-370255ef4b6c1adc.js (1)
